app/build/intermediates/proguard-rules/release/aapt_rules.txt
# view AndroidManifest.xml #generated:17
-keep class main.MainActivity { <init>(...); }